<?xml version="1.0" encoding="UTF-8"?>
<!-- Generated by org.testng.reporters.JUnitReportReporter -->
<testsuite hostname="WINCTRL-CCCCHA3" name="com.selenium.facebook.pom.testCases.ProfileTest" tests="1" failures="0" timestamp="25 Jun 2017 16:24:01 GMT" time="45.440" errors="0">
  <testcase name="testProfile" time="45.440" classname="com.selenium.facebook.pom.testCases.ProfileTest"/>
</testsuite> <!-- com.selenium.facebook.pom.testCases.ProfileTest -->
